
> ealplus@0.0.0 start /home/coder/project/eALPluS
> node ./bin/www

[HPM] Proxy created: /  -> do-not-use
TS8080-admin eALPluS view list
TS8080-admin eALPluS view list
TS8080-admin erfpt terminate
[HPM] Upgrading to WebSocket
TS8080-admin erfpt launch
TS8080-admin erfpt terminate
TS8080-niilab eALPluS login
TS8080-niilab eALPluS view list
TS8080-niilab erfpt terminate
[HPM] Upgrading to WebSocket
TS8080-niilab erfpt launch
TS8080-niilab erfpt inactive
TS8080-niilab erfpt active
TS8080-niilab erfpt inactive
[HPM] Upgrading to WebSocket
TS8080-niilab erfpt terminate
[HPM] Upgrading to WebSocket
TS8080-niilab erfpt terminate
TS8080-niilab erfpt terminate
[HPM] Upgrading to WebSocket
TS8080-niilab erfpt terminate
[HPM] Upgrading to WebSocket
[HPM] Upgrading to WebSocket
TS8080-niilab erfpt terminate
TS8080-niilab erfpt terminate
[HPM] Upgrading to WebSocket
TS8080-niilab erfpt terminate
[HPM] Upgrading to WebSocket
[HPM] Upgrading to WebSocket
TS8080-niilab erfpt terminate
TS8080-niilab erfpt terminate
[HPM] Upgrading to WebSocket
TS8080-niilab erfpt terminate
[HPM] Upgrading to WebSocket
TS8080-niilab erfpt terminate
[HPM] Upgrading to WebSocket
[HPM] Upgrading to WebSocket
TS8080-niilab erfpt terminate
TS8080-niilab erfpt terminate
[HPM] Upgrading to WebSocket
TS8080-niilab erfpt terminate
[HPM] Upgrading to WebSocket
TS8080-niilab erfpt terminate
[HPM] Upgrading to WebSocket
TS8080-niilab erfpt terminate
[HPM] Upgrading to WebSocket
[HPM] Upgrading to WebSocket
TS8080-niilab erfpt terminate
TS8080-niilab erfpt terminate
[HPM] Upgrading to WebSocket
[HPM] Upgrading to WebSocket
TS8080-niilab erfpt terminate
[HPM] Upgrading to WebSocket
TS8080-niilab erfpt terminate
TS8080-niilab erfpt terminate
[HPM] Upgrading to WebSocket
TS8080-niilab erfpt terminate
[HPM] Upgrading to WebSocket
[HPM] Upgrading to WebSocket
TS8080-niilab erfpt terminate
[HPM] Upgrading to WebSocket
TS8080-niilab erfpt terminate
TS8080-niilab erfpt terminate
[HPM] Upgrading to WebSocket
TS8080-niilab erfpt terminate
[HPM] Upgrading to WebSocket
TS8080-niilab erfpt active
TS8080-niilab erfpt inactive
[HPM] Upgrading to WebSocket
TS8080-niilab erfpt terminate
TS8080-niilab erfpt terminate
[HPM] Upgrading to WebSocket
[HPM] Upgrading to WebSocket
TS8080-niilab erfpt terminate
TS8080-niilab erfpt terminate
[HPM] Upgrading to WebSocket
[HPM] Upgrading to WebSocket
TS8080-niilab erfpt terminate
TS8080-niilab erfpt terminate
[HPM] Upgrading to WebSocket
[HPM] Upgrading to WebSocket
TS8080-niilab erfpt terminate
TS8080-niilab erfpt terminate
[HPM] Upgrading to WebSocket
[HPM] Upgrading to WebSocket
TS8080-niilab erfpt terminate
[HPM] Upgrading to WebSocket
TS8080-niilab erfpt terminate
[HPM] Upgrading to WebSocket
TS8080-niilab erfpt terminate
[HPM] Upgrading to WebSocket
TS8080-niilab erfpt terminate
TS8080-niilab erfpt terminate
[HPM] Upgrading to WebSocket
TS8080-niilab erfpt terminate
[HPM] Upgrading to WebSocket
[HPM] Upgrading to WebSocket
TS8080-niilab erfpt terminate
TS8080-niilab erfpt terminate
[HPM] Upgrading to WebSocket
[HPM] Upgrading to WebSocket
TS8080-niilab erfpt terminate
[HPM] Upgrading to WebSocket
TS8080-niilab erfpt terminate
TS8080-niilab erfpt terminate
[HPM] Upgrading to WebSocket
[HPM] Upgrading to WebSocket
TS8080-niilab erfpt terminate
TS8080-niilab erfpt terminate
[HPM] Upgrading to WebSocket
[HPM] Upgrading to WebSocket
TS8080-niilab erfpt terminate
TS8080-niilab erfpt active
TS8080-niilab erfpt terminate
[HPM] Upgrading to WebSocket
TS8080-niilab erfpt launch
TS8080-niilab erfpt active
TS8080-niilab erfpt inactive
TS8080-niilab erfpt active
TS8080-niilab erfpt inactive
TS8080-niilab erfpt active
TS8080-niilab erfpt inactive
TS8080-niilab erfpt active
TS8080-niilab erfpt inactive
TS8080-niilab erfpt active
TS8080-niilab erfpt inactive
TS8080-niilab erfpt active
TS8080-niilab erfpt inactive
TS8080-niilab erfpt active
TS8080-niilab erfpt inactive
TS8080-niilab erfpt active
TS8080-niilab erfpt inactive
TS8080-niilab erfpt active
TS8080-niilab erfpt inactive
TS8080-niilab erfpt active
TS8080-niilab erfpt inactive
TS8080-niilab erfpt active
TS8080-niilab erfpt inactive
TS8080-niilab erfpt active
TS8080-niilab erfpt inactive
TS8080-niilab erfpt active
TS8080-niilab erfpt inactive
TS8080-niilab erfpt active
TS8080-niilab erfpt inactive
TS8080-niilab erfpt active
TS8080-niilab erfpt inactive
TS8080-niilab erfpt active
TS8080-niilab erfpt inactive
TS8080-niilab erfpt active
TS8080-niilab erfpt inactive
TS8080-niilab erfpt active
TS8080-niilab erfpt inactive
TS8080-niilab erfpt active
TS8080-niilab erfpt inactive
TS8080-niilab erfpt active
TS8080-niilab erfpt inactive
TS8080-niilab erfpt active
TS8080-niilab erfpt inactive
TS8080-niilab erfpt active
TS8080-niilab erfpt inactive
TS8080-niilab erfpt active
TS8080-niilab erfpt inactive
TS8080-niilab erfpt active
TS8080-niilab erfpt inactive
TS8080-niilab erfpt active
TS8080-niilab erfpt inactive
TS8080-niilab erfpt active
TS8080-niilab erfpt inactive
TS8080-niilab erfpt active
TS8080-niilab erfpt inactive
TS8080-niilab erfpt active
TS8080-niilab erfpt inactive
TS8080-niilab erfpt active
TS8080-niilab erfpt inactive
TS8080-niilab erfpt active
TS8080-niilab erfpt inactive
TS8080-niilab erfpt active
TS8080-niilab erfpt terminate
TS8080-niilab erfpt launch
[HPM] Upgrading to WebSocket
TS8080-niilab erfpt active
TS8080-niilab erfpt inactive
TS8080-niilab erfpt active
TS8080-niilab erfpt inactive
TS8080-niilab erfpt active
TS8080-niilab erfpt inactive
TS8080-niilab erfpt active
TS8080-niilab erfpt inactive
TS8080-niilab erfpt terminate
TS8080-niilab eALPluS login
TS8080-niilab eALPluS view list
TS8080-niilab eALPluS view list
TS8080-niilab erfpt launch
[HPM] Upgrading to WebSocket
TS8080-niilab erfpt inactive
TS8080-niilab erfpt active
TS8080-niilab erfpt terminate
TS8080-niilab eALPluS login
TS8080-niilab eALPluS view list
TS8080-niilab eALPluS login
TS8080-niilab eALPluS view list
[HPM] Upgrading to WebSocket
TS8080-niilab erfpt launch
TS8080-niilab erfpt inactive
TS8080-niilab erfpt active
TS8080-niilab erfpt inactive
TS8080-niilab erfpt active
TS8080-niilab erfpt launch
[HPM] Upgrading to WebSocket
TS8080-niilab erfpt inactive
TS8080-niilab erfpt terminate
TS8080-niilab erfpt active
TS8080-niilab eALPluS login
TS8080-niilab eALPluS view list
[HPM] Upgrading to WebSocket
TS8080-niilab erfpt launch
TS8080-niilab erfpt inactive
TS8080-admin eALPluS view list
(node:26730) DeprecationWarning: collection.remove is deprecated. Use deleteOne, deleteMany, or bulkWrite instead.
(Use `node --trace-deprecation ...` to show where the warning was created)
Success: TS8080:tool_4  deleted
TS8080-admin eALPluS view list
TS8080-admin eALPluS view list
TS8080-admin eALPluS view list
TS8080-admin eALPluS view list
[HPM] Upgrading to WebSocket
TS8080-admin erfpt terminate
TS8080-admin erfpt launch
TS8080-admin erfpt inactive
TS8080-admin erfpt active
TS8080-admin erfpt inactive
TS8080-admin erfpt active
TS8080-admin erfpt inactive
TS8080-admin erfpt active
TS8080-admin erfpt terminate
TS8080-niilab erfpt active
TS8080-niilab erfpt inactive
TS8080-niilab erfpt terminate
TS8080-niilab eALPluS login
TS8080-niilab eALPluS view list
TS8080-niilab eALPluS view list
TS8080-niilab erfpt launch
TS8080-niilab erfpt inactive
[HPM] Error occurred while trying to proxy request /websocket from 192.168.10.162:3000 to do-not-use (ECONNRESET) (https://nodejs.org/api/errors.html#errors_common_system_errors)
[HPM] Error occurred while trying to proxy request /websocket from 192.168.10.162:3000 to do-not-use (ECONNRESET) (https://nodejs.org/api/errors.html#errors_common_system_errors)
[HPM] Error occurred while trying to proxy request /websocket from 192.168.10.162:3000 to do-not-use (ECONNRESET) (https://nodejs.org/api/errors.html#errors_common_system_errors)
events.js:292
      throw er; // Unhandled 'error' event
      ^

Error: write ETIMEDOUT
    at afterWriteDispatched (internal/stream_base_commons.js:156:25)
    at writeGeneric (internal/stream_base_commons.js:147:3)
    at Socket._writeGeneric (net.js:785:11)
    at Socket._write (net.js:797:8)
    at writeOrBuffer (internal/streams/writable.js:358:12)
    at Socket.Writable.write (internal/streams/writable.js:303:10)
    at Socket.Writable.end (internal/streams/writable.js:567:10)
    at Socket.end (net.js:591:31)
    at ProxyServer.defaultErrorHandler (/home/coder/project/eALPluS/node_modules/http-proxy-middleware/dist/handlers.js:59:9)
    at ProxyServer.emit (/home/coder/project/eALPluS/node_modules/eventemitter3/index.js:204:33)
    at ClientRequest.onOutgoingError (/home/coder/project/eALPluS/node_modules/http-proxy/lib/http-proxy/passes/ws-incoming.js:157:16)
    at ClientRequest.emit (events.js:315:20)
    at Socket.socketOnEnd (_http_client.js:493:9)
    at Socket.emit (events.js:327:22)
    at endReadableNT (internal/streams/readable.js:1327:12)
    at processTicksAndRejections (internal/process/task_queues.js:80:21)
Emitted 'error' event on Socket instance at:
    at emitErrorNT (internal/streams/destroy.js:106:8)
    at emitErrorCloseNT (internal/streams/destroy.js:74:3)
    at processTicksAndRejections (internal/process/task_queues.js:80:21) {
  errno: -110,
  code: 'ETIMEDOUT',
  syscall: 'write'
}
npm ERR! code ELIFECYCLE
npm ERR! errno 1
npm ERR! ealplus@0.0.0 start: `node ./bin/www`
npm ERR! Exit status 1
npm ERR! 
npm ERR! Failed at the ealplus@0.0.0 start script.
npm ERR! This is probably not a problem with npm. There is likely additional logging output above.

npm ERR! A complete log of this run can be found in:
npm ERR!     /home/coder/.npm/_logs/2021-03-31T03_05_36_448Z-debug.log

> ealplus@0.0.0 start /home/coder/project/eALPluS
> node ./bin/www

[HPM] Proxy created: /  -> do-not-use
TS8080-admin eALPluS login
TS8080-admin eALPluS view list

> ealplus@0.0.0 start /home/coder/project/eALPluS
> node ./bin/www

[HPM] Proxy created: /  -> do-not-use
TS8080-admin eALPluS login
TS8080-admin eALPluS view list
Terminated
npm ERR! code ELIFECYCLE
npm ERR! errno 143
npm ERR! ealplus@0.0.0 start: `node ./bin/www`
npm ERR! Exit status 143
npm ERR! 
npm ERR! Failed at the ealplus@0.0.0 start script.
npm ERR! This is probably not a problem with npm. There is likely additional logging output above.

npm ERR! A complete log of this run can be found in:
npm ERR!     /home/coder/.npm/_logs/2021-07-02T06_01_54_858Z-debug.log
